This is pdfTeX, Version 3.1415926-2.3-1.40.12 (MiKTeX 2.9) (preloaded format=pdflatex 2011.7.19)  28 JUL 2013 15:46
entering extended mode
**reuMHC2013.tex
(D:\Documents\GitHub\disease-modeling\in_progress\presentations\poster\reuMHC2013.tex
LaTeX2e <2011/06/27>
Babel <v3.8m> and hyphenation patterns for english, afrikaans, ancientgreek, arabic, armenian, assamese, basque, bengali
, bokmal, bulgarian, catalan, coptic, croatian, czech, danish, dutch, esperanto, estonian, farsi, finnish, french, galic
ian, german, german-x-2009-06-19, greek, gujarati, hindi, hungarian, icelandic, indonesian, interlingua, irish, italian,
 kannada, kurmanji, lao, latin, latvian, lithuanian, malayalam, marathi, mongolian, mongolianlmc, monogreek, ngerman, ng
erman-x-2009-06-19, nynorsk, oriya, panjabi, pinyin, polish, portuguese, romanian, russian, sanskrit, serbian, slovak, s
lovenian, spanish, swedish, swissgerman, tamil, telugu, turkish, turkmen, ukenglish, ukrainian, uppersorbian, usenglishm
ax, welsh, loaded.
(C:\Users\Ryo\AppData\Roaming\MiKTeX\2.9\tex\latex\beamer\base\beamer.cls
(C:\Users\Ryo\AppData\Roaming\MiKTeX\2.9\tex\latex\beamer\base\beamerbasercs.sty
Package: beamerbasercs 2013/01/04 (rcs-revision 9a97a4eee358)
)
Document Class: beamer 2013/01/04 3.26 A class for typesetting presentations (rcs-revision e81e0c94bcc6)
(C:\Users\Ryo\AppData\Roaming\MiKTeX\2.9\tex\latex\beamer\base\beamerbasemodes.sty
Package: beamerbasemodes 2012/04/15 (rcs-revision cc6557182d97)
\beamer@tempbox=\box26
\beamer@tempcount=\count79
\c@beamerpauses=\count80

(C:\Users\Ryo\AppData\Roaming\MiKTeX\2.9\tex\latex\beamer\base\beamerbasedecode.sty
Package: beamerbasedecode 2010/05/01 (rcs-revision efa082c6111d)
\beamer@slideinframe=\count81
\beamer@minimum=\count82
)
\beamer@commentbox=\box27
\beamer@modecount=\count83
)
("C:\Program Files (x86)\MiKTeX 2.9\tex\generic\oberdiek\ifpdf.sty"
Package: ifpdf 2011/01/30 v2.3 Provides the ifpdf switch (HO)
Package ifpdf Info: pdfTeX in PDF mode is detected.
)
\headheight=\dimen102
\headdp=\dimen103
\footheight=\dimen104
\sidebarheight=\dimen105
\beamer@tempdim=\dimen106
\beamer@finalheight=\dimen107
\beamer@animht=\dimen108
\beamer@animdp=\dimen109
\beamer@animwd=\dimen110
\beamer@leftmargin=\dimen111
\beamer@rightmargin=\dimen112
\beamer@leftsidebar=\dimen113
\beamer@rightsidebar=\dimen114
\beamer@boxsize=\dimen115
\beamer@vboxoffset=\dimen116
\beamer@descdefault=\dimen117
\beamer@descriptionwidth=\dimen118
\beamer@lastskip=\skip41
\beamer@areabox=\box28
\beamer@animcurrent=\box29
\beamer@animshowbox=\box30
\beamer@sectionbox=\box31
\beamer@logobox=\box32
\beamer@linebox=\box33
\beamer@sectioncount=\count84
\beamer@subsubsectionmax=\count85
\beamer@subsectionmax=\count86
\beamer@sectionmax=\count87
\beamer@totalheads=\count88
\beamer@headcounter=\count89
\beamer@partstartpage=\count90
\beamer@sectionstartpage=\count91
\beamer@subsectionstartpage=\count92
\beamer@animationtempa=\count93
\beamer@animationtempb=\count94
\beamer@xpos=\count95
\beamer@ypos=\count96
\beamer@showpartnumber=\count97
\beamer@currentsubsection=\count98
\beamer@coveringdepth=\count99
\beamer@sectionadjust=\count100
\beamer@tocsectionnumber=\count101

(C:\Users\Ryo\AppData\Roaming\MiKTeX\2.9\tex\latex\beamer\base\beamerbaseoptions.sty
Package: beamerbaseoptions 2010/04/27 (rcs-revision 982469101dd6)

("C:\Program Files (x86)\MiKTeX 2.9\tex\latex\graphics\keyval.sty"
Package: keyval 1999/03/16 v1.13 key=value parser (DPC)
\KV@toks@=\toks14
))
\beamer@paperwidth=\skip42
\beamer@paperheight=\skip43

("C:\Program Files (x86)\MiKTeX 2.9\tex\latex\geometry\geometry.sty"
Package: geometry 2010/09/12 v5.6 Page Geometry

("C:\Program Files (x86)\MiKTeX 2.9\tex\generic\oberdiek\ifvtex.sty"
Package: ifvtex 2010/03/01 v1.5 Switches for detecting VTeX and its modes (HO)
Package ifvtex Info: VTeX not detected.
)
("C:\Program Files (x86)\MiKTeX 2.9\tex\generic\ifxetex\ifxetex.sty"
Package: ifxetex 2010/09/12 v0.6 Provides ifxetex conditional
)
\Gm@cnth=\count102
\Gm@cntv=\count103
\c@Gm@tempcnt=\count104
\Gm@bindingoffset=\dimen119
\Gm@wd@mp=\dimen120
\Gm@odd@mp=\dimen121
\Gm@even@mp=\dimen122
\Gm@layoutwidth=\dimen123
\Gm@layoutheight=\dimen124
\Gm@layouthoffset=\dimen125
\Gm@layoutvoffset=\dimen126
\Gm@dimlist=\toks15

("C:\Program Files (x86)\MiKTeX 2.9\tex\latex\geometry\geometry.cfg"))
("C:\Program Files (x86)\MiKTeX 2.9\tex\latex\base\size11.clo"
File: size11.clo 2007/10/19 v1.4h Standard LaTeX file (size option)
)
(C:\Users\Ryo\AppData\Roaming\MiKTeX\2.9\tex\latex\pgf\basiclayer\pgfcore.sty
("C:\Program Files (x86)\MiKTeX 2.9\tex\latex\graphics\graphicx.sty"
Package: graphicx 1999/02/16 v1.0f Enhanced LaTeX Graphics (DPC,SPQR)

("C:\Program Files (x86)\MiKTeX 2.9\tex\latex\graphics\graphics.sty"
Package: graphics 2009/02/05 v1.0o Standard LaTeX Graphics (DPC,SPQR)

("C:\Program Files (x86)\MiKTeX 2.9\tex\latex\graphics\trig.sty"
Package: trig 1999/03/16 v1.09 sin cos tan (DPC)
)
("C:\Program Files (x86)\MiKTeX 2.9\tex\latex\00miktex\graphics.cfg"
File: graphics.cfg 2007/01/18 v1.5 graphics configuration of teTeX/TeXLive
)
Package graphics Info: Driver file: pdftex.def on input line 91.

("C:\Program Files (x86)\MiKTeX 2.9\tex\latex\pdftex-def\pdftex.def"
File: pdftex.def 2011/05/27 v0.06d Graphics/color for pdfTeX

("C:\Program Files (x86)\MiKTeX 2.9\tex\generic\oberdiek\infwarerr.sty"
Package: infwarerr 2010/04/08 v1.3 Providing info/warning/message (HO)
)
("C:\Program Files (x86)\MiKTeX 2.9\tex\generic\oberdiek\ltxcmds.sty"
Package: ltxcmds 2011/04/18 v1.20 LaTeX kernel commands for general use (HO)
)
\Gread@gobject=\count105
))
\Gin@req@height=\dimen127
\Gin@req@width=\dimen128
)
(C:\Users\Ryo\AppData\Roaming\MiKTeX\2.9\tex\latex\pgf\systemlayer\pgfsys.sty
(C:\Users\Ryo\AppData\Roaming\MiKTeX\2.9\tex\latex\pgf\utilities\pgfrcs.sty
(C:\Users\Ryo\AppData\Roaming\MiKTeX\2.9\tex\generic\pgf\utilities\pgfutil-common.tex
\pgfutil@everybye=\toks16
)
(C:\Users\Ryo\AppData\Roaming\MiKTeX\2.9\tex\generic\pgf\utilities\pgfutil-latex.def
\pgfutil@abb=\box34

(C:\Users\Ryo\AppData\Roaming\MiKTeX\2.9\tex\latex\ms\everyshi.sty
Package: everyshi 2001/05/15 v3.00 EveryShipout Package (MS)
))
(C:\Users\Ryo\AppData\Roaming\MiKTeX\2.9\tex\generic\pgf\utilities\pgfrcs.code.tex
Package: pgfrcs 2010/10/25 v2.10 (rcs-revision 1.24)
))
(C:\Users\Ryo\AppData\Roaming\MiKTeX\2.9\tex\generic\pgf\systemlayer\pgfsys.code.tex
Package: pgfsys 2010/06/30 v2.10 (rcs-revision 1.37)

(C:\Users\Ryo\AppData\Roaming\MiKTeX\2.9\tex\generic\pgf\utilities\pgfkeys.code.tex
\pgfkeys@pathtoks=\toks17
\pgfkeys@temptoks=\toks18

(C:\Users\Ryo\AppData\Roaming\MiKTeX\2.9\tex\generic\pgf\utilities\pgfkeysfiltered.code.tex
\pgfkeys@tmptoks=\toks19
))
\pgf@x=\dimen129
\pgf@y=\dimen130
\pgf@xa=\dimen131
\pgf@ya=\dimen132
\pgf@xb=\dimen133
\pgf@yb=\dimen134
\pgf@xc=\dimen135
\pgf@yc=\dimen136
\w@pgf@writea=\write3
\r@pgf@reada=\read1
\c@pgf@counta=\count106
\c@pgf@countb=\count107
\c@pgf@countc=\count108
\c@pgf@countd=\count109

(C:\Users\Ryo\AppData\Roaming\MiKTeX\2.9\tex\generic\pgf\systemlayer\pgf.cfg
File: pgf.cfg 2008/05/14  (rcs-revision 1.7)
)
Package pgfsys Info: Driver file for pgf: pgfsys-pdftex.def on input line 900.

(C:\Users\Ryo\AppData\Roaming\MiKTeX\2.9\tex\generic\pgf\systemlayer\pgfsys-pdftex.def
File: pgfsys-pdftex.def 2009/05/22  (rcs-revision 1.26)

(C:\Users\Ryo\AppData\Roaming\MiKTeX\2.9\tex\generic\pgf\systemlayer\pgfsys-common-pdf.def
File: pgfsys-common-pdf.def 2008/05/19  (rcs-revision 1.10)
)))
(C:\Users\Ryo\AppData\Roaming\MiKTeX\2.9\tex\generic\pgf\systemlayer\pgfsyssoftpath.code.tex
File: pgfsyssoftpath.code.tex 2008/07/18  (rcs-revision 1.7)
\pgfsyssoftpath@smallbuffer@items=\count110
\pgfsyssoftpath@bigbuffer@items=\count111
)
(C:\Users\Ryo\AppData\Roaming\MiKTeX\2.9\tex\generic\pgf\systemlayer\pgfsysprotocol.code.tex
File: pgfsysprotocol.code.tex 2006/10/16  (rcs-revision 1.4)
))
(C:\Users\Ryo\AppData\Roaming\MiKTeX\2.9\tex\latex\xcolor\xcolor.sty
Package: xcolor 2007/01/21 v2.11 LaTeX color extensions (UK)

("C:\Program Files (x86)\MiKTeX 2.9\tex\latex\00miktex\color.cfg"
File: color.cfg 2007/01/18 v1.5 color configuration of teTeX/TeXLive
)
Package xcolor Info: Driver file: pdftex.def on input line 225.
Package xcolor Info: Model `cmy' substituted by `cmy0' on input line 1337.
Package xcolor Info: Model `hsb' substituted by `rgb' on input line 1341.
Package xcolor Info: Model `RGB' extended on input line 1353.
Package xcolor Info: Model `HTML' substituted by `rgb' on input line 1355.
Package xcolor Info: Model `Hsb' substituted by `hsb' on input line 1356.
Package xcolor Info: Model `tHsb' substituted by `hsb' on input line 1357.
Package xcolor Info: Model `HSB' substituted by `hsb' on input line 1358.
Package xcolor Info: Model `Gray' substituted by `gray' on input line 1359.
Package xcolor Info: Model `wave' substituted by `hsb' on input line 1360.
)
(C:\Users\Ryo\AppData\Roaming\MiKTeX\2.9\tex\generic\pgf\basiclayer\pgfcore.code.tex
Package: pgfcore 2010/04/11 v2.10 (rcs-revision 1.7)

(C:\Users\Ryo\AppData\Roaming\MiKTeX\2.9\tex\generic\pgf\math\pgfmath.code.tex
(C:\Users\Ryo\AppData\Roaming\MiKTeX\2.9\tex\generic\pgf\math\pgfmathcalc.code.tex
(C:\Users\Ryo\AppData\Roaming\MiKTeX\2.9\tex\generic\pgf\math\pgfmathutil.code.tex)
(C:\Users\Ryo\AppData\Roaming\MiKTeX\2.9\tex\generic\pgf\math\pgfmathparser.code.tex
\pgfmath@dimen=\dimen137
\pgfmath@count=\count112
\pgfmath@box=\box35
\pgfmath@toks=\toks20
\pgfmath@stack@operand=\toks21
\pgfmath@stack@operation=\toks22
)
(C:\Users\Ryo\AppData\Roaming\MiKTeX\2.9\tex\generic\pgf\math\pgfmathfunctions.code.tex
(C:\Users\Ryo\AppData\Roaming\MiKTeX\2.9\tex\generic\pgf\math\pgfmathfunctions.basic.code.tex)
(C:\Users\Ryo\AppData\Roaming\MiKTeX\2.9\tex\generic\pgf\math\pgfmathfunctions.trigonometric.code.tex)
(C:\Users\Ryo\AppData\Roaming\MiKTeX\2.9\tex\generic\pgf\math\pgfmathfunctions.random.code.tex)
(C:\Users\Ryo\AppData\Roaming\MiKTeX\2.9\tex\generic\pgf\math\pgfmathfunctions.comparison.code.tex)
(C:\Users\Ryo\AppData\Roaming\MiKTeX\2.9\tex\generic\pgf\math\pgfmathfunctions.base.code.tex)
(C:\Users\Ryo\AppData\Roaming\MiKTeX\2.9\tex\generic\pgf\math\pgfmathfunctions.round.code.tex)
(C:\Users\Ryo\AppData\Roaming\MiKTeX\2.9\tex\generic\pgf\math\pgfmathfunctions.misc.code.tex)))
(C:\Users\Ryo\AppData\Roaming\MiKTeX\2.9\tex\generic\pgf\math\pgfmathfloat.code.tex
\c@pgfmathroundto@lastzeros=\count113
))
(C:\Users\Ryo\AppData\Roaming\MiKTeX\2.9\tex\generic\pgf\basiclayer\pgfcorepoints.code.tex
File: pgfcorepoints.code.tex 2010/04/09  (rcs-revision 1.20)
\pgf@picminx=\dimen138
\pgf@picmaxx=\dimen139
\pgf@picminy=\dimen140
\pgf@picmaxy=\dimen141
\pgf@pathminx=\dimen142
\pgf@pathmaxx=\dimen143
\pgf@pathminy=\dimen144
\pgf@pathmaxy=\dimen145
\pgf@xx=\dimen146
\pgf@xy=\dimen147
\pgf@yx=\dimen148
\pgf@yy=\dimen149
\pgf@zx=\dimen150
\pgf@zy=\dimen151
)
(C:\Users\Ryo\AppData\Roaming\MiKTeX\2.9\tex\generic\pgf\basiclayer\pgfcorepathconstruct.code.tex
File: pgfcorepathconstruct.code.tex 2010/08/03  (rcs-revision 1.24)
\pgf@path@lastx=\dimen152
\pgf@path@lasty=\dimen153
)
(C:\Users\Ryo\AppData\Roaming\MiKTeX\2.9\tex\generic\pgf\basiclayer\pgfcorepathusage.code.tex
File: pgfcorepathusage.code.tex 2008/04/22  (rcs-revision 1.12)
\pgf@shorten@end@additional=\dimen154
\pgf@shorten@start@additional=\dimen155
)
(C:\Users\Ryo\AppData\Roaming\MiKTeX\2.9\tex\generic\pgf\basiclayer\pgfcorescopes.code.tex
File: pgfcorescopes.code.tex 2010/09/08  (rcs-revision 1.34)
\pgfpic=\box36
\pgf@hbox=\box37
\pgf@layerbox@main=\box38
\pgf@picture@serial@count=\count114
)
(C:\Users\Ryo\AppData\Roaming\MiKTeX\2.9\tex\generic\pgf\basiclayer\pgfcoregraphicstate.code.tex
File: pgfcoregraphicstate.code.tex 2008/04/22  (rcs-revision 1.9)
\pgflinewidth=\dimen156
)
(C:\Users\Ryo\AppData\Roaming\MiKTeX\2.9\tex\generic\pgf\basiclayer\pgfcoretransformations.code.tex
File: pgfcoretransformations.code.tex 2009/06/10  (rcs-revision 1.11)
\pgf@pt@x=\dimen157
\pgf@pt@y=\dimen158
\pgf@pt@temp=\dimen159
)
(C:\Users\Ryo\AppData\Roaming\MiKTeX\2.9\tex\generic\pgf\basiclayer\pgfcorequick.code.tex
File: pgfcorequick.code.tex 2008/10/09  (rcs-revision 1.3)
)
(C:\Users\Ryo\AppData\Roaming\MiKTeX\2.9\tex\generic\pgf\basiclayer\pgfcoreobjects.code.tex
File: pgfcoreobjects.code.tex 2006/10/11  (rcs-revision 1.2)
)
(C:\Users\Ryo\AppData\Roaming\MiKTeX\2.9\tex\generic\pgf\basiclayer\pgfcorepathprocessing.code.tex
File: pgfcorepathprocessing.code.tex 2008/10/09  (rcs-revision 1.8)
)
(C:\Users\Ryo\AppData\Roaming\MiKTeX\2.9\tex\generic\pgf\basiclayer\pgfcorearrows.code.tex
File: pgfcorearrows.code.tex 2008/04/23  (rcs-revision 1.11)
)
(C:\Users\Ryo\AppData\Roaming\MiKTeX\2.9\tex\generic\pgf\basiclayer\pgfcoreshade.code.tex
File: pgfcoreshade.code.tex 2008/11/23  (rcs-revision 1.13)
\pgf@max=\dimen160
\pgf@sys@shading@range@num=\count115
)
(C:\Users\Ryo\AppData\Roaming\MiKTeX\2.9\tex\generic\pgf\basiclayer\pgfcoreimage.code.tex
File: pgfcoreimage.code.tex 2010/03/25  (rcs-revision 1.16)

(C:\Users\Ryo\AppData\Roaming\MiKTeX\2.9\tex\generic\pgf\basiclayer\pgfcoreexternal.code.tex
File: pgfcoreexternal.code.tex 2010/09/01  (rcs-revision 1.17)
\pgfexternal@startupbox=\box39
))
(C:\Users\Ryo\AppData\Roaming\MiKTeX\2.9\tex\generic\pgf\basiclayer\pgfcorelayers.code.tex
File: pgfcorelayers.code.tex 2010/08/27  (rcs-revision 1.2)
)
(C:\Users\Ryo\AppData\Roaming\MiKTeX\2.9\tex\generic\pgf\basiclayer\pgfcoretransparency.code.tex
File: pgfcoretransparency.code.tex 2008/01/17  (rcs-revision 1.2)
)
(C:\Users\Ryo\AppData\Roaming\MiKTeX\2.9\tex\generic\pgf\basiclayer\pgfcorepatterns.code.tex
File: pgfcorepatterns.code.tex 2009/07/02  (rcs-revision 1.3)
)))
(C:\Users\Ryo\AppData\Roaming\MiKTeX\2.9\tex\latex\pgf\utilities\xxcolor.sty
Package: xxcolor 2003/10/24 ver 0.1
\XC@nummixins=\count116
\XC@countmixins=\count117
)
("C:\Program Files (x86)\MiKTeX 2.9\tex\latex\hyperref\hyperref.sty"
Package: hyperref 2011/04/17 v6.82g Hypertext links for LaTeX

("C:\Program Files (x86)\MiKTeX 2.9\tex\generic\oberdiek\hobsub-hyperref.sty"
Package: hobsub-hyperref 2011/04/23 v1.4 Bundle oberdiek, subset hyperref (HO)

("C:\Program Files (x86)\MiKTeX 2.9\tex\generic\oberdiek\hobsub-generic.sty"
Package: hobsub-generic 2011/04/23 v1.4 Bundle oberdiek, subset generic (HO)
Package: hobsub 2011/04/23 v1.4 Subsetting bundle oberdiek (HO)
Package hobsub Info: Skipping package `infwarerr' (already loaded).
Package hobsub Info: Skipping package `ltxcmds' (already loaded).
Package: ifluatex 2010/03/01 v1.3 Provides the ifluatex switch (HO)
Package ifluatex Info: LuaTeX not detected.
Package hobsub Info: Skipping package `ifvtex' (already loaded).
Package: intcalc 2007/09/27 v1.1 Expandable integer calculations (HO)
Package hobsub Info: Skipping package `ifpdf' (already loaded).
Package: etexcmds 2011/02/16 v1.5 Prefix for e-TeX command names (HO)
Package etexcmds Info: Could not find \expanded.
(etexcmds)             That can mean that you are not using pdfTeX 1.50 or
(etexcmds)             that some package has redefined \expanded.
(etexcmds)             In the latter case, load this package earlier.
Package: kvsetkeys 2011/04/07 v1.13 Key value parser (HO)
Package: kvdefinekeys 2011/04/07 v1.3 Defining keys (HO)
Package: pdftexcmds 2011/04/22 v0.16 Utilities of pdfTeX for LuaTeX (HO)
Package pdftexcmds Info: LuaTeX not detected.
Package pdftexcmds Info: \pdf@primitive is available.
Package pdftexcmds Info: \pdf@ifprimitive is available.
Package pdftexcmds Info: \pdfdraftmode found.
Package: pdfescape 2011/04/04 v1.12 Provides string conversions (HO)
Package: bigintcalc 2011/01/30 v1.2 Expandable big integer calculations (HO)
Package: bitset 2011/01/30 v1.1 Data type bit set (HO)
Package: uniquecounter 2011/01/30 v1.2 Provides unlimited unique counter (HO)
)
Package hobsub Info: Skipping package `hobsub' (already loaded).
Package: letltxmacro 2010/09/02 v1.4 Let assignment for LaTeX macros (HO)
Package: hopatch 2011/01/30 v1.0 Wrapper for package hooks (HO)
Package: xcolor-patch 2011/01/30 xcolor patch
Package: atveryend 2011/04/23 v1.7 Hooks at very end of document (HO)
Package: atbegshi 2011/01/30 v1.15 At begin shipout hook (HO)
Package: refcount 2010/12/01 v3.2 Data extraction from references (HO)
Package: hycolor 2011/01/30 v1.7 Color options of hyperref/bookmark (HO)
)
("C:\Program Files (x86)\MiKTeX 2.9\tex\latex\oberdiek\kvoptions.sty"
Package: kvoptions 2010/12/23 v3.10 Keyval support for LaTeX options (HO)
)
\@linkdim=\dimen161
\Hy@linkcounter=\count118
\Hy@pagecounter=\count119

("C:\Program Files (x86)\MiKTeX 2.9\tex\latex\hyperref\pd1enc.def"
File: pd1enc.def 2011/04/17 v6.82g Hyperref: PDFDocEncoding definition (HO)
)
\Hy@SavedSpaceFactor=\count120

("C:\Program Files (x86)\MiKTeX 2.9\tex\latex\00miktex\hyperref.cfg"
File: hyperref.cfg 2002/06/06 v1.2 hyperref configuration of TeXLive
)
Package hyperref Info: Option `final' set `true' on input line 3905.
Package hyperref Info: Option `bookmarks' set `true' on input line 3905.
Package hyperref Info: Option `bookmarksopen' set `true' on input line 3905.
Package hyperref Info: Option `implicit' set `false' on input line 3905.
Package hyperref Info: Hyper figures OFF on input line 4026.
Package hyperref Info: Link nesting OFF on input line 4031.
Package hyperref Info: Hyper index ON on input line 4034.
Package hyperref Info: Plain pages OFF on input line 4041.
Package hyperref Info: Backreferencing OFF on input line 4046.
Package hyperref Info: Implicit mode OFF; no redefinition of LaTeX internals.
Package hyperref Info: Bookmarks ON on input line 4264.
\c@Hy@tempcnt=\count121

("C:\Program Files (x86)\MiKTeX 2.9\tex\latex\ltxmisc\url.sty"
\Urlmuskip=\muskip10
Package: url 2006/04/12  ver 3.3  Verb mode for urls, etc.
)
LaTeX Info: Redefining \url on input line 4617.
\Fld@menulength=\count122
\Field@Width=\dimen162
\Fld@charsize=\dimen163
Package hyperref Info: Hyper figures OFF on input line 5701.
Package hyperref Info: Link nesting OFF on input line 5706.
Package hyperref Info: Hyper index ON on input line 5709.
Package hyperref Info: backreferencing OFF on input line 5716.
Package hyperref Info: Link coloring OFF on input line 5721.
Package hyperref Info: Link coloring with OCG OFF on input line 5726.
Package hyperref Info: PDF/A mode OFF on input line 5731.
LaTeX Info: Redefining \ref on input line 5771.
LaTeX Info: Redefining \pageref on input line 5775.
\Hy@abspage=\count123


Package hyperref Message: Stopped early.

)

Package hyperref Message: Driver (autodetected): hpdftex.

("C:\Program Files (x86)\MiKTeX 2.9\tex\latex\hyperref\hpdftex.def"
File: hpdftex.def 2011/04/17 v6.82g Hyperref driver for pdfTeX
\Fld@listcount=\count124
\c@bookmark@seq@number=\count125

("C:\Program Files (x86)\MiKTeX 2.9\tex\latex\oberdiek\rerunfilecheck.sty"
Package: rerunfilecheck 2011/04/15 v1.7 Rerun checks for auxiliary files (HO)
Package uniquecounter Info: New unique counter `rerunfilecheck' on input line 282.
))
(C:\Users\Ryo\AppData\Roaming\MiKTeX\2.9\tex\latex\beamer\base\beamerbaserequires.sty
Package: beamerbaserequires 2010/05/01  (rcs-revision efa082c6111d)

(C:\Users\Ryo\AppData\Roaming\MiKTeX\2.9\tex\latex\beamer\base\beamerbasecompatibility.sty
Package: beamerbasecompatibility 2012/05/01  (rcs-revision 67c48b3b652d)
)
(C:\Users\Ryo\AppData\Roaming\MiKTeX\2.9\tex\latex\beamer\base\beamerbasefont.sty
Package: beamerbasefont 2012/09/19  (rcs-revision 733629cd0c6c)

("C:\Program Files (x86)\MiKTeX 2.9\tex\latex\amsfonts\amssymb.sty"
Package: amssymb 2009/06/22 v3.00

("C:\Program Files (x86)\MiKTeX 2.9\tex\latex\amsfonts\amsfonts.sty"
Package: amsfonts 2009/06/22 v3.00 Basic AMSFonts support
\@emptytoks=\toks23
\symAMSa=\mathgroup4
\symAMSb=\mathgroup5
LaTeX Font Info:    Overwriting math alphabet `\mathfrak' in version `bold'
(Font)                  U/euf/m/n --> U/euf/b/n on input line 96.
)))
(C:\Users\Ryo\AppData\Roaming\MiKTeX\2.9\tex\latex\beamer\base\beamerbasetranslator.sty
Package: beamerbasetranslator 2010/06/11  (rcs-revision 85fd1cc7fc42)

(C:\Users\Ryo\AppData\Roaming\MiKTeX\2.9\tex\latex\beamer\base\translator\translator.sty
Package: translator 2010/06/12 ver 1.10

(C:\Users\Ryo\AppData\Roaming\MiKTeX\2.9\tex\latex\beamer\base\translator\translator-language-mappings.tex)))
(C:\Users\Ryo\AppData\Roaming\MiKTeX\2.9\tex\latex\beamer\base\beamerbasemisc.sty
Package: beamerbasemisc 2012/02/24  (rcs-revision 2ff5461be705)
)
(C:\Users\Ryo\AppData\Roaming\MiKTeX\2.9\tex\latex\beamer\base\beamerbasetwoscreens.sty
Package: beamerbasetwoscreens 2010/05/01  (rcs-revision efa082c6111d)
)
(C:\Users\Ryo\AppData\Roaming\MiKTeX\2.9\tex\latex\beamer\base\beamerbaseoverlay.sty
Package: beamerbaseoverlay 2012/11/11  (rcs-revision 6afbc49b1109)
\beamer@argscount=\count126
\beamer@lastskipcover=\skip44
\beamer@trivlistdepth=\count127
)
(C:\Users\Ryo\AppData\Roaming\MiKTeX\2.9\tex\latex\beamer\base\beamerbasetitle.sty
Package: beamerbasetitle 2010/09/21  (rcs-revision f0446ed0b6ae)
)
(C:\Users\Ryo\AppData\Roaming\MiKTeX\2.9\tex\latex\beamer\base\beamerbasesection.sty
Package: beamerbasesection 2013/01/04  (rcs-revision 54309ceef997)
\c@lecture=\count128
\c@part=\count129
\c@section=\count130
\c@subsection=\count131
\c@subsubsection=\count132
)
(C:\Users\Ryo\AppData\Roaming\MiKTeX\2.9\tex\latex\beamer\base\beamerbaseframe.sty
Package: beamerbaseframe 2012/12/26  (rcs-revision 1443917db2cf)
\beamer@framebox=\box40
\beamer@frametitlebox=\box41
\beamer@zoombox=\box42
\beamer@zoomcount=\count133
\beamer@zoomframecount=\count134
\beamer@frametextheight=\dimen164
\c@subsectionslide=\count135
\beamer@frametopskip=\skip45
\beamer@framebottomskip=\skip46
\beamer@frametopskipautobreak=\skip47
\beamer@framebottomskipautobreak=\skip48
\beamer@envbody=\toks24
\framewidth=\dimen165
\c@framenumber=\count136
)
(C:\Users\Ryo\AppData\Roaming\MiKTeX\2.9\tex\latex\beamer\base\beamerbaseverbatim.sty
Package: beamerbaseverbatim 2012/08/30  (rcs-revision dfdb135076b3)
\beamer@verbatimfileout=\write4
)
(C:\Users\Ryo\AppData\Roaming\MiKTeX\2.9\tex\latex\beamer\base\beamerbaseframesize.sty
Package: beamerbaseframesize 2011/09/12  (rcs-revision 70f9d8411e54)
\beamer@splitbox=\box43
\beamer@autobreakcount=\count137
\beamer@autobreaklastheight=\dimen166
\beamer@frametitletoks=\toks25
\beamer@framesubtitletoks=\toks26
)
(C:\Users\Ryo\AppData\Roaming\MiKTeX\2.9\tex\latex\beamer\base\beamerbaseframecomponents.sty
Package: beamerbaseframecomponents 2012/09/13  (rcs-revision dcd846607320)
\beamer@footins=\box44
)
(C:\Users\Ryo\AppData\Roaming\MiKTeX\2.9\tex\latex\beamer\base\beamerbasecolor.sty
Package: beamerbasecolor 2010/06/06  (rcs-revision d1a9b48be06d)
)
(C:\Users\Ryo\AppData\Roaming\MiKTeX\2.9\tex\latex\beamer\base\beamerbasenotes.sty
Package: beamerbasenotes 2012/12/19  (rcs-revision 1686da3db3c9)
\beamer@frameboxcopy=\box45
)
(C:\Users\Ryo\AppData\Roaming\MiKTeX\2.9\tex\latex\beamer\base\beamerbasetoc.sty
Package: beamerbasetoc 2012/10/02  (rcs-revision 5ed0f4010e8a)
)
(C:\Users\Ryo\AppData\Roaming\MiKTeX\2.9\tex\latex\beamer\base\beamerbasetemplates.sty
Package: beamerbasetemplates 2010/05/01  (rcs-revision efa082c6111d)
\beamer@sbttoks=\toks27

(C:\Users\Ryo\AppData\Roaming\MiKTeX\2.9\tex\latex\beamer\base\beamerbaseauxtemplates.sty
Package: beamerbaseauxtemplates 2012/05/01  (rcs-revision 67c48b3b652d)

(C:\Users\Ryo\AppData\Roaming\MiKTeX\2.9\tex\latex\beamer\base\beamerbaseboxes.sty
Package: beamerbaseboxes 2012/05/13  (rcs-revision 56972908a390)
\bmb@box=\box46
\bmb@colorbox=\box47
\bmb@boxshadow=\box48
\bmb@boxshadowball=\box49
\bmb@boxshadowballlarge=\box50
\bmb@temp=\dimen167
\bmb@dima=\dimen168
\bmb@dimb=\dimen169
\bmb@prevheight=\dimen170
)
\beamer@blockheadheight=\dimen171
))
(C:\Users\Ryo\AppData\Roaming\MiKTeX\2.9\tex\latex\beamer\base\beamerbaselocalstructure.sty
Package: beamerbaselocalstructure 2012/11/13  (rcs-revision ddfba79dac19)

("C:\Program Files (x86)\MiKTeX 2.9\tex\latex\tools\enumerate.sty"
Package: enumerate 1999/03/05 v3.00 enumerate extensions (DPC)
\@enLab=\toks28
)
\c@figure=\count138
\c@table=\count139
\abovecaptionskip=\skip49
\belowcaptionskip=\skip50
)
(C:\Users\Ryo\AppData\Roaming\MiKTeX\2.9\tex\latex\beamer\base\beamerbasenavigation.sty
Package: beamerbasenavigation 2012/04/03  (rcs-revision 42a0f21a412d)
\beamer@section@min@dim=\dimen172
)
(C:\Users\Ryo\AppData\Roaming\MiKTeX\2.9\tex\latex\beamer\base\beamerbasetheorems.sty
Package: beamerbasetheorems 2010/06/06  (rcs-revision 7e7cc5e53e9d)

("C:\Program Files (x86)\MiKTeX 2.9\tex\latex\ams\math\amsmath.sty"
Package: amsmath 2000/07/18 v2.13 AMS math features
\@mathmargin=\skip51

For additional information on amsmath, use the `?' option.
("C:\Program Files (x86)\MiKTeX 2.9\tex\latex\ams\math\amstext.sty"
Package: amstext 2000/06/29 v2.01

("C:\Program Files (x86)\MiKTeX 2.9\tex\latex\ams\math\amsgen.sty"
File: amsgen.sty 1999/11/30 v2.0
\@emptytoks=\toks29
\ex@=\dimen173
))
("C:\Program Files (x86)\MiKTeX 2.9\tex\latex\ams\math\amsbsy.sty"
Package: amsbsy 1999/11/29 v1.2d
\pmbraise@=\dimen174
)
("C:\Program Files (x86)\MiKTeX 2.9\tex\latex\ams\math\amsopn.sty"
Package: amsopn 1999/12/14 v2.01 operator names
)
\inf@bad=\count140
LaTeX Info: Redefining \frac on input line 211.
\uproot@=\count141
\leftroot@=\count142
LaTeX Info: Redefining \overline on input line 307.
\classnum@=\count143
\DOTSCASE@=\count144
LaTeX Info: Redefining \ldots on input line 379.
LaTeX Info: Redefining \dots on input line 382.
LaTeX Info: Redefining \cdots on input line 467.
\Mathstrutbox@=\box51
\strutbox@=\box52
\big@size=\dimen175
LaTeX Font Info:    Redeclaring font encoding OML on input line 567.
LaTeX Font Info:    Redeclaring font encoding OMS on input line 568.
\macc@depth=\count145
\c@MaxMatrixCols=\count146
\dotsspace@=\muskip11
\c@parentequation=\count147
\dspbrk@lvl=\count148
\tag@help=\toks30
\row@=\count149
\column@=\count150
\maxfields@=\count151
\andhelp@=\toks31
\eqnshift@=\dimen176
\alignsep@=\dimen177
\tagshift@=\dimen178
\tagwidth@=\dimen179
\totwidth@=\dimen180
\lineht@=\dimen181
\@envbody=\toks32
\multlinegap=\skip52
\multlinetaggap=\skip53
\mathdisplay@stack=\toks33
LaTeX Info: Redefining \[ on input line 2666.
LaTeX Info: Redefining \] on input line 2667.
)
("C:\Program Files (x86)\MiKTeX 2.9\tex\latex\ams\classes\amsthm.sty"
Package: amsthm 2004/08/06 v2.20
\thm@style=\toks34
\thm@bodyfont=\toks35
\thm@headfont=\toks36
\thm@notefont=\toks37
\thm@headpunct=\toks38
\thm@preskip=\skip54
\thm@postskip=\skip55
\thm@headsep=\skip56
\dth@everypar=\toks39
)
\c@theorem=\count152
)
(C:\Users\Ryo\AppData\Roaming\MiKTeX\2.9\tex\latex\beamer\base\beamerbasethemes.sty
Package: beamerbasethemes 2010/05/01  (rcs-revision efa082c6111d)
))
(C:\Users\Ryo\AppData\Roaming\MiKTeX\2.9\tex\latex\beamer\base\themes\theme\beamerthemedefault.sty
Package: beamerthemedefault 2010/06/17  (rcs-revision d02a7cf4d8ae)

(C:\Users\Ryo\AppData\Roaming\MiKTeX\2.9\tex\latex\beamer\base\themes\font\beamerfontthemedefault.sty
Package: beamerfontthemedefault 2012/12/19  (rcs-revision 1686da3db3c9)
)
(C:\Users\Ryo\AppData\Roaming\MiKTeX\2.9\tex\latex\beamer\base\themes\color\beamercolorthemedefault.sty
Package: beamercolorthemedefault 2012/12/19  (rcs-revision 1686da3db3c9)
)
(C:\Users\Ryo\AppData\Roaming\MiKTeX\2.9\tex\latex\beamer\base\themes\inner\beamerinnerthemedefault.sty
Package: beamerinnerthemedefault 2012/05/01  (rcs-revision 67c48b3b652d)
\beamer@dima=\dimen182
\beamer@dimb=\dimen183
)
(C:\Users\Ryo\AppData\Roaming\MiKTeX\2.9\tex\latex\beamer\base\themes\outer\beamerouterthemedefault.sty
Package: beamerouterthemedefault 2012/12/19  (rcs-revision 1686da3db3c9)
)))
(C:\Users\Ryo\AppData\Roaming\MiKTeX\2.9\tex\latex\beamerposter\beamerposter.sty
Package: 2008/03/11. v.1.07. beamerposter: latex-beamer poster extension
Package: beamerposter 2008/03/11. v.1.07. beamerposter: latex-beamer poster extension
("C:\Program Files (x86)\MiKTeX 2.9\tex\latex\xkeyval\xkeyval.sty"
Package: xkeyval 2008/08/13 v2.6a package option processing (HA)

("C:\Program Files (x86)\MiKTeX 2.9\tex\generic\xkeyval\xkeyval.tex"
\XKV@toks=\toks40
\XKV@tempa@toks=\toks41
\XKV@depth=\count153
File: xkeyval.tex 2008/08/13 v2.6a key=value parser (HA)
))
(C:\Users\Ryo\AppData\Roaming\MiKTeX\2.9\tex\latex\type1cm\type1cm.sty
Package: type1cm 2002/09/05 v0.04 BlueSky/Y&Y Type1 CM font definitions (DPC, patched RF)
)
beamerposter: checking size input, please wait.
beamerposter: the input a0\ 1\ was correct, we proceed.
beamerposter: finished size input check.
beamerposter: myfontscale=1.0
beamerposter: checking size input, please wait.
beamerposter: the input custom\ 6\ was correct, we proceed.
beamerposter: finished size input check.
beamerposter: custom poster height=91.4
beamerposter: custom poster width=121.9
beamerposter: myfontscale=1.8
(C:\Users\Ryo\AppData\Roaming\MiKTeX\2.9\tex\latex\fp\fp.sty
Package: fp 1995/04/02

`Fixed Point Package', Version 0.8, April 2, 1995 (C) Michael Mehlich
(C:\Users\Ryo\AppData\Roaming\MiKTeX\2.9\tex\latex\fp\defpattern.sty
Package: defpattern 1994/10/12
\actioncount=\count154
)
(C:\Users\Ryo\AppData\Roaming\MiKTeX\2.9\tex\latex\fp\fp-basic.sty
Package: fp-basic 1996/05/13
\FP@xs=\count155
\FP@xia=\count156
\FP@xib=\count157
\FP@xfa=\count158
\FP@xfb=\count159
\FP@rega=\count160
\FP@regb=\count161
\FP@regs=\count162
\FP@times=\count163
)
(C:\Users\Ryo\AppData\Roaming\MiKTeX\2.9\tex\latex\fp\fp-addons.sty
Package: fp-addons 1995/03/15
)
(C:\Users\Ryo\AppData\Roaming\MiKTeX\2.9\tex\latex\fp\fp-snap.sty
Package: fp-snap 1995/04/05
)
(C:\Users\Ryo\AppData\Roaming\MiKTeX\2.9\tex\latex\fp\fp-exp.sty
Package: fp-exp 1995/04/03
)
(C:\Users\Ryo\AppData\Roaming\MiKTeX\2.9\tex\latex\fp\fp-trigo.sty
Package: fp-trigo 1995/04/14
)
(C:\Users\Ryo\AppData\Roaming\MiKTeX\2.9\tex\latex\fp\fp-pas.sty
Package: fp-pas 1994/08/29
)
(C:\Users\Ryo\AppData\Roaming\MiKTeX\2.9\tex\latex\fp\fp-random.sty
Package: fp-random 1995/02/23
\FPseed=\count164
)
(C:\Users\Ryo\AppData\Roaming\MiKTeX\2.9\tex\latex\fp\fp-eqn.sty
Package: fp-eqn 1995/04/03
)
(C:\Users\Ryo\AppData\Roaming\MiKTeX\2.9\tex\latex\fp\fp-upn.sty
Package: fp-upn 1996/10/21
)
(C:\Users\Ryo\AppData\Roaming\MiKTeX\2.9\tex\latex\fp\fp-eval.sty
Package: fp-eval 1995/04/03
)) ( FP-UPN ( FP-SUB ) ) ( FP-UPN ( FP-SUB ) )
( FP-UPN ( FP-MUL ) ( FP-ROUND ) ) ( FP-UPN ( FP-MUL ) ( FP-ROUND ) ) ( FP-UPN ( FP-MUL ) ( FP-ROUND ) ) ( FP-UPN
( FP-MUL ) ( FP-ROUND ) ) ( FP-UPN ( FP-MUL ) ( FP-ROUND ) ) ( FP-UPN ( FP-MUL ) ( FP-ROUND ) ) ( FP-UPN ( FP-MUL )
( FP-ROUND ) ) ( FP-UPN ( FP-MUL ) ( FP-ROUND ) ) ( FP-UPN ( FP-MUL ) ( FP-ROUND ) ) ( FP-UPN ( FP-MUL ) ( FP-ROUND ) )
( FP-UPN ( FP-MUL ) ( FP-ROUND ) ) ( FP-UPN ( FP-MUL ) ( FP-ROUND ) ) ( FP-UPN ( FP-MUL ) ( FP-ROUND ) ) ( FP-UPN
( FP-MUL ) ( FP-ROUND ) ) ( FP-UPN ( FP-MUL ) ( FP-ROUND ) ) ( FP-UPN ( FP-MUL ) ( FP-ROUND ) ) ( FP-UPN ( FP-MUL )
( FP-ROUND ) ) ( FP-UPN ( FP-MUL ) ( FP-ROUND ) ) ( FP-UPN ( FP-MUL ) ( FP-ROUND ) ) ( FP-UPN ( FP-MUL ) ( FP-ROUND ) )
( FP-UPN ( FP-MUL ) ( FP-ROUND ) ) ( FP-UPN ( FP-MUL ) ( FP-ROUND ) ) ( FP-UPN ( FP-MUL ) ( FP-ROUND ) ) ( FP-UPN
( FP-MUL ) ( FP-ROUND ) ) ( FP-UPN ( FP-MUL ) ( FP-ROUND ) ) ( FP-UPN ( FP-MUL ) ( FP-ROUND ) ))
("C:\Program Files (x86)\MiKTeX 2.9\tex\latex\base\latexsym.sty"
Package: latexsym 1998/08/17 v2.2e Standard LaTeX package (lasy symbols)
\symlasy=\mathgroup6
LaTeX Font Info:    Overwriting symbol font `lasy' in version `bold'
(Font)                  U/lasy/m/n --> U/lasy/b/n on input line 47.
)
(C:\Users\Ryo\AppData\Roaming\MiKTeX\2.9\tex\latex\pgf\frontendlayer\tikz.sty
(C:\Users\Ryo\AppData\Roaming\MiKTeX\2.9\tex\latex\pgf\basiclayer\pgf.sty
Package: pgf 2008/01/15 v2.10 (rcs-revision 1.12)

(C:\Users\Ryo\AppData\Roaming\MiKTeX\2.9\tex\generic\pgf\modules\pgfmoduleshapes.code.tex
File: pgfmoduleshapes.code.tex 2010/09/09  (rcs-revision 1.13)
\pgfnodeparttextbox=\box53
)
(C:\Users\Ryo\AppData\Roaming\MiKTeX\2.9\tex\generic\pgf\modules\pgfmoduleplot.code.tex
File: pgfmoduleplot.code.tex 2010/10/22  (rcs-revision 1.8)
)
(C:\Users\Ryo\AppData\Roaming\MiKTeX\2.9\tex\latex\pgf\compatibility\pgfcomp-version-0-65.sty
Package: pgfcomp-version-0-65 2007/07/03 v2.10 (rcs-revision 1.7)
\pgf@nodesepstart=\dimen184
\pgf@nodesepend=\dimen185
)
(C:\Users\Ryo\AppData\Roaming\MiKTeX\2.9\tex\latex\pgf\compatibility\pgfcomp-version-1-18.sty
Package: pgfcomp-version-1-18 2007/07/23 v2.10 (rcs-revision 1.1)
))
(C:\Users\Ryo\AppData\Roaming\MiKTeX\2.9\tex\latex\pgf\utilities\pgffor.sty
(C:\Users\Ryo\AppData\Roaming\MiKTeX\2.9\tex\latex\pgf\utilities\pgfkeys.sty
(C:\Users\Ryo\AppData\Roaming\MiKTeX\2.9\tex\generic\pgf\utilities\pgfkeys.code.tex))
(C:\Users\Ryo\AppData\Roaming\MiKTeX\2.9\tex\generic\pgf\utilities\pgffor.code.tex
Package: pgffor 2010/03/23 v2.10 (rcs-revision 1.18)
\pgffor@iter=\dimen186
\pgffor@skip=\dimen187
\pgffor@stack=\toks42
\pgffor@toks=\toks43
))
(C:\Users\Ryo\AppData\Roaming\MiKTeX\2.9\tex\generic\pgf\frontendlayer\tikz\tikz.code.tex
Package: tikz 2010/10/13 v2.10 (rcs-revision 1.76)

(C:\Users\Ryo\AppData\Roaming\MiKTeX\2.9\tex\generic\pgf\libraries\pgflibraryplothandlers.code.tex
File: pgflibraryplothandlers.code.tex 2010/05/31 v2.10 (rcs-revision 1.15)
\pgf@plot@mark@count=\count165
\pgfplotmarksize=\dimen188
)
\tikz@lastx=\dimen189
\tikz@lasty=\dimen190
\tikz@lastxsaved=\dimen191
\tikz@lastysaved=\dimen192
\tikzleveldistance=\dimen193
\tikzsiblingdistance=\dimen194
\tikz@figbox=\box54
\tikz@tempbox=\box55
\tikztreelevel=\count166
\tikznumberofchildren=\count167
\tikznumberofcurrentchild=\count168
\tikz@fig@count=\count169

(C:\Users\Ryo\AppData\Roaming\MiKTeX\2.9\tex\generic\pgf\modules\pgfmodulematrix.code.tex
File: pgfmodulematrix.code.tex 2010/08/24  (rcs-revision 1.4)
\pgfmatrixcurrentrow=\count170
\pgfmatrixcurrentcolumn=\count171
\pgf@matrix@numberofcolumns=\count172
)
\tikz@expandcount=\count173

(C:\Users\Ryo\AppData\Roaming\MiKTeX\2.9\tex\generic\pgf\frontendlayer\tikz\libraries\tikzlibrarytopaths.code.tex
File: tikzlibrarytopaths.code.tex 2008/06/17 v2.10 (rcs-revision 1.2)
)))
(C:\Users\Ryo\AppData\Roaming\MiKTeX\2.9\tex\generic\pgf\frontendlayer\tikz\libraries\tikzlibraryshapes.code.tex
File: tikzlibraryshapes.code.tex 2008/01/09 v2.10 (rcs-revision 1.1)

(C:\Users\Ryo\AppData\Roaming\MiKTeX\2.9\tex\generic\pgf\frontendlayer\tikz\libraries\tikzlibraryshapes.geometric.code.t
ex
File: tikzlibraryshapes.geometric.code.tex 2008/01/09 v2.10 (rcs-revision 1.1)
 (C:\Users\Ryo\AppData\Roaming\MiKTeX\2.9\tex\generic\pgf\libraries\shapes\pgflibraryshapes.geometric.code.tex
File: pgflibraryshapes.geometric.code.tex 2008/06/26 v2.10 (rcs-revision 1.1)
))
(C:\Users\Ryo\AppData\Roaming\MiKTeX\2.9\tex\generic\pgf\frontendlayer\tikz\libraries\tikzlibraryshapes.misc.code.tex
File: tikzlibraryshapes.misc.code.tex 2008/01/09 v2.10 (rcs-revision 1.1)

(C:\Users\Ryo\AppData\Roaming\MiKTeX\2.9\tex\generic\pgf\libraries\shapes\pgflibraryshapes.misc.code.tex
File: pgflibraryshapes.misc.code.tex 2008/10/07 v2.10 (rcs-revision 1.3)
))
(C:\Users\Ryo\AppData\Roaming\MiKTeX\2.9\tex\generic\pgf\frontendlayer\tikz\libraries\tikzlibraryshapes.symbols.code.tex
File: tikzlibraryshapes.symbols.code.tex 2008/01/09 v2.10 (rcs-revision 1.1)
(C:\Users\Ryo\AppData\Roaming\MiKTeX\2.9\tex\generic\pgf\libraries\shapes\pgflibraryshapes.symbols.code.tex
File: pgflibraryshapes.symbols.code.tex 2009/10/27 v2.10 (rcs-revision 1.3)
))
(C:\Users\Ryo\AppData\Roaming\MiKTeX\2.9\tex\generic\pgf\frontendlayer\tikz\libraries\tikzlibraryshapes.arrows.code.tex
File: tikzlibraryshapes.arrows.code.tex 2008/01/09 v2.10 (rcs-revision 1.1)

(C:\Users\Ryo\AppData\Roaming\MiKTeX\2.9\tex\generic\pgf\libraries\shapes\pgflibraryshapes.arrows.code.tex
File: pgflibraryshapes.arrows.code.tex 2008/06/26 v2.10 (rcs-revision 1.1)
))
(C:\Users\Ryo\AppData\Roaming\MiKTeX\2.9\tex\generic\pgf\frontendlayer\tikz\libraries\tikzlibraryshapes.callouts.code.te
x (C:\Users\Ryo\AppData\Roaming\MiKTeX\2.9\tex\generic\pgf\libraries\shapes\pgflibraryshapes.callouts.code.tex))
(C:\Users\Ryo\AppData\Roaming\MiKTeX\2.9\tex\generic\pgf\frontendlayer\tikz\libraries\tikzlibraryshapes.multipart.code.t
ex
File: tikzlibraryshapes.multipart.code.tex 2008/01/09 v2.10 (rcs-revision 1.1)
 (C:\Users\Ryo\AppData\Roaming\MiKTeX\2.9\tex\generic\pgf\libraries\shapes\pgflibraryshapes.multipart.code.tex
File: pgflibraryshapes.multipart.code.tex 2010/01/07 v2.10 (rcs-revision 1.2)
\pgfnodepartlowerbox=\box56
\pgfnodeparttwobox=\box57
\pgfnodepartthreebox=\box58
\pgfnodepartfourbox=\box59
\pgfnodeparttwentybox=\box60
\pgfnodepartnineteenbox=\box61
\pgfnodeparteighteenbox=\box62
\pgfnodepartseventeenbox=\box63
\pgfnodepartsixteenbox=\box64
\pgfnodepartfifteenbox=\box65
\pgfnodepartfourteenbox=\box66
\pgfnodepartthirteenbox=\box67
\pgfnodeparttwelvebox=\box68
\pgfnodepartelevenbox=\box69
\pgfnodeparttenbox=\box70
\pgfnodepartninebox=\box71
\pgfnodeparteightbox=\box72
\pgfnodepartsevenbox=\box73
\pgfnodepartsixbox=\box74
\pgfnodepartfivebox=\box75
)))
(C:\Users\Ryo\AppData\Roaming\MiKTeX\2.9\tex\generic\pgf\frontendlayer\tikz\libraries\tikzlibraryarrows.code.tex
File: tikzlibraryarrows.code.tex 2008/01/09 v2.10 (rcs-revision 1.1)

(C:\Users\Ryo\AppData\Roaming\MiKTeX\2.9\tex\generic\pgf\libraries\pgflibraryarrows.code.tex
File: pgflibraryarrows.code.tex 2008/10/27 v2.10 (rcs-revision 1.9)
\arrowsize=\dimen195
))
(D:\Documents\GitHub\disease-modeling\in_progress\presentations\poster\arrowsnew.tex)
(D:\Documents\GitHub\disease-modeling\in_progress\presentations\poster\beamerthemeI6pd2.sty
Package: beamerthemeI6pd2 
)
(D:\Documents\GitHub\disease-modeling\in_progress\presentations\poster\reuMHC2013.aux)
LaTeX Font Info:    Checking defaults for OML/cmm/m/it on input line 26.
LaTeX Font Info:    ... okay on input line 26.
LaTeX Font Info:    Checking defaults for T1/cmr/m/n on input line 26.
LaTeX Font Info:    ... okay on input line 26.
LaTeX Font Info:    Checking defaults for OT1/cmr/m/n on input line 26.
LaTeX Font Info:    ... okay on input line 26.
LaTeX Font Info:    Checking defaults for OMS/cmsy/m/n on input line 26.
LaTeX Font Info:    ... okay on input line 26.
LaTeX Font Info:    Checking defaults for OMX/cmex/m/n on input line 26.
LaTeX Font Info:    ... okay on input line 26.
LaTeX Font Info:    Checking defaults for U/cmr/m/n on input line 26.
LaTeX Font Info:    ... okay on input line 26.
LaTeX Font Info:    Checking defaults for PD1/pdf/m/n on input line 26.
LaTeX Font Info:    ... okay on input line 26.

*geometry* driver: auto-detecting
*geometry* detected driver: pdftex
*geometry* verbose mode - [ preamble ] result:
* driver: pdftex
* paper: custom
* layout: <same size as paper>
* layoutoffset:(h,v)=(0.0pt,0.0pt)
* modes: includehead includefoot 
* h-part:(L,W,R)=(28.45274pt, 3411.48528pt, 28.45274pt)
* v-part:(T,H,B)=(0.0pt, 2600.58171pt, 0.0pt)
* \paperwidth=3468.39076pt
* \paperheight=2600.58171pt
* \textwidth=3411.48528pt
* \textheight=2572.12898pt
* \oddsidemargin=-43.81725pt
* \evensidemargin=-43.81725pt
* \topmargin=-72.26999pt
* \headheight=14.22636pt
* \headsep=0.0pt
* \topskip=11.0pt
* \footskip=14.22636pt
* \marginparwidth=4.0pt
* \marginparsep=10.0pt
* \columnsep=10.0pt
* \skip\footins=10.0pt plus 4.0pt minus 2.0pt
* \hoffset=0.0pt
* \voffset=0.0pt
* \mag=1000
* \@twocolumnfalse
* \@twosidefalse
* \@mparswitchfalse
* \@reversemarginfalse
* (1in=72.27pt=25.4mm, 1cm=28.453pt)

(C:\Users\Ryo\AppData\Roaming\MiKTeX\2.9\tex\context\base\supp-pdf.mkii
[Loading MPS to PDF converter (version 2006.09.02).]
\scratchcounter=\count174
\scratchdimen=\dimen196
\scratchbox=\box76
\nofMPsegments=\count175
\nofMParguments=\count176
\everyMPshowfont=\toks44
\MPscratchCnt=\count177
\MPscratchDim=\dimen197
\MPnumerator=\count178
\makeMPintoPDFobject=\count179
\everyMPtoPDFconversion=\toks45
) ABD: EveryShipout initializing macros
\AtBeginShipoutBox=\box77
Package hyperref Info: Link coloring OFF on input line 26.
 ("C:\Program Files (x86)\MiKTeX 2.9\tex\latex\hyperref\nameref.sty"
Package: nameref 2010/04/30 v2.40 Cross-referencing by name of section

("C:\Program Files (x86)\MiKTeX 2.9\tex\generic\oberdiek\gettitlestring.sty"
Package: gettitlestring 2010/12/03 v1.4 Cleanup title references (HO)
)
\c@section@level=\count180
)
LaTeX Info: Redefining \ref on input line 26.
LaTeX Info: Redefining \pageref on input line 26.
LaTeX Info: Redefining \nameref on input line 26.

(D:\Documents\GitHub\disease-modeling\in_progress\presentations\poster\reuMHC2013.out)
(D:\Documents\GitHub\disease-modeling\in_progress\presentations\poster\reuMHC2013.out)
\@outlinefile=\write5
LaTeX Font Info:    Overwriting symbol font `operators' in version `normal'
(Font)                  OT1/cmr/m/n --> OT1/cmss/m/n on input line 26.
LaTeX Font Info:    Overwriting symbol font `operators' in version `bold'
(Font)                  OT1/cmr/bx/n --> OT1/cmss/bx/n on input line 26.
\symnumbers=\mathgroup7
\sympureletters=\mathgroup8
LaTeX Font Info:    Overwriting math alphabet `\mathrm' in version `normal'
(Font)                  OT1/cmss/m/n --> OT1/cmr/m/n on input line 26.
LaTeX Font Info:    Redeclaring math alphabet \mathbf on input line 26.
LaTeX Font Info:    Overwriting math alphabet `\mathbf' in version `normal'
(Font)                  OT1/cmr/bx/n --> OT1/cmss/bx/n on input line 26.
LaTeX Font Info:    Overwriting math alphabet `\mathbf' in version `bold'
(Font)                  OT1/cmr/bx/n --> OT1/cmss/bx/n on input line 26.
LaTeX Font Info:    Redeclaring math alphabet \mathsf on input line 26.
LaTeX Font Info:    Overwriting math alphabet `\mathsf' in version `normal'
(Font)                  OT1/cmss/m/n --> OT1/cmss/m/n on input line 26.
LaTeX Font Info:    Overwriting math alphabet `\mathsf' in version `bold'
(Font)                  OT1/cmss/bx/n --> OT1/cmss/m/n on input line 26.
LaTeX Font Info:    Redeclaring math alphabet \mathit on input line 26.
LaTeX Font Info:    Overwriting math alphabet `\mathit' in version `normal'
(Font)                  OT1/cmr/m/it --> OT1/cmss/m/it on input line 26.
LaTeX Font Info:    Overwriting math alphabet `\mathit' in version `bold'
(Font)                  OT1/cmr/bx/it --> OT1/cmss/m/it on input line 26.
LaTeX Font Info:    Redeclaring math alphabet \mathtt on input line 26.
LaTeX Font Info:    Overwriting math alphabet `\mathtt' in version `normal'
(Font)                  OT1/cmtt/m/n --> OT1/cmtt/m/n on input line 26.
LaTeX Font Info:    Overwriting math alphabet `\mathtt' in version `bold'
(Font)                  OT1/cmtt/m/n --> OT1/cmtt/m/n on input line 26.
LaTeX Font Info:    Overwriting symbol font `numbers' in version `bold'
(Font)                  OT1/cmss/m/n --> OT1/cmss/bx/n on input line 26.
LaTeX Font Info:    Overwriting symbol font `pureletters' in version `bold'
(Font)                  OT1/cmss/m/it --> OT1/cmss/bx/it on input line 26.
LaTeX Font Info:    Overwriting math alphabet `\mathrm' in version `bold'
(Font)                  OT1/cmss/bx/n --> OT1/cmr/bx/n on input line 26.
LaTeX Font Info:    Overwriting math alphabet `\mathbf' in version `bold'
(Font)                  OT1/cmss/bx/n --> OT1/cmss/bx/n on input line 26.
LaTeX Font Info:    Overwriting math alphabet `\mathsf' in version `bold'
(Font)                  OT1/cmss/m/n --> OT1/cmss/bx/n on input line 26.
LaTeX Font Info:    Overwriting math alphabet `\mathit' in version `bold'
(Font)                  OT1/cmss/m/it --> OT1/cmss/bx/it on input line 26.
LaTeX Font Info:    Overwriting math alphabet `\mathtt' in version `bold'
(Font)                  OT1/cmtt/m/n --> OT1/cmtt/bx/n on input line 26.

(C:\Users\Ryo\AppData\Roaming\MiKTeX\2.9\tex\latex\beamer\base\translator\dicts\translator-basic-dictionary\translator-b
asic-dictionary-English.dict
Dictionary: translator-basic-dictionary, Language: English 
)
(C:\Users\Ryo\AppData\Roaming\MiKTeX\2.9\tex\latex\beamer\base\translator\dicts\translator-bibliography-dictionary\trans
lator-bibliography-dictionary-English.dict
Dictionary: translator-bibliography-dictionary, Language: English 
)
(C:\Users\Ryo\AppData\Roaming\MiKTeX\2.9\tex\latex\beamer\base\translator\dicts\translator-environment-dictionary\transl
ator-environment-dictionary-English.dict
Dictionary: translator-environment-dictionary, Language: English 
)
(C:\Users\Ryo\AppData\Roaming\MiKTeX\2.9\tex\latex\beamer\base\translator\dicts\translator-months-dictionary\translator-
months-dictionary-English.dict
Dictionary: translator-months-dictionary, Language: English 
)
(C:\Users\Ryo\AppData\Roaming\MiKTeX\2.9\tex\latex\beamer\base\translator\dicts\translator-numbers-dictionary\translator
-numbers-dictionary-English.dict
Dictionary: translator-numbers-dictionary, Language: English 
)
(C:\Users\Ryo\AppData\Roaming\MiKTeX\2.9\tex\latex\beamer\base\translator\dicts\translator-theorem-dictionary\translator
-theorem-dictionary-English.dict
Dictionary: translator-theorem-dictionary, Language: English 
)
LaTeX Info: Redefining \includegraphics on input line 26.
 (D:\Documents\GitHub\disease-modeling\in_progress\presentations\poster\reuMHC2013.nav) <figures/mhc/logos/base.jpg, id=
12, 316.0608pt x 139.2402pt>
File: figures/mhc/logos/base.jpg Graphic file (type jpg)
 <use figures/mhc/logos/base.jpg>
Package pdftex.def Info: figures/mhc/logos/base.jpg used on input line 26.
(pdftex.def)             Requested size: 255.06741pt x 112.36671pt.

<figures/nsf/logos/base.jpg, id=13, 525.162pt x 525.162pt>
File: figures/nsf/logos/base.jpg Graphic file (type jpg)
 <use figures/nsf/logos/base.jpg>
Package pdftex.def Info: figures/nsf/logos/base.jpg used on input line 26.
(pdftex.def)             Requested size: 112.36272pt x 112.36671pt.

Overfull \hbox (12.47713pt too wide) detected at line 26
[][][] [][][][][][][][][] [][][][][][][][][] [][][][][][][][][] [][][][][][][] 
 []

Missing character: There is no , in font nullfont!
Missing character: There is no , in font nullfont!
Missing character: There is no , in font nullfont!
Missing character: There is no , in font nullfont!
Missing character: There is no , in font nullfont!
Missing character: There is no , in font nullfont!
LaTeX Font Info:    Calculating math sizes for size <44.78> on input line 260.

LaTeX Font Warning: Font shape `OT1/cmss/m/it' in size <44.78> not available
(Font)              Font shape `OT1/cmss/m/sl' tried instead on input line 260.


LaTeX Font Warning: Font shape `OT1/cmss/m/it' in size <31.34586> not available
(Font)              Font shape `OT1/cmss/m/sl' tried instead on input line 260.


LaTeX Font Warning: Font shape `OT1/cmss/m/it' in size <22.39> not available
(Font)              Font shape `OT1/cmss/m/sl' tried instead on input line 260.


Overfull \hbox (48.4254pt too wide) in paragraph at lines 260--260
[][][][]$\OML/cmm/m/it/44.78 \OT1/cmss/m/sl/44.78 S\OT1/cmss/m/n/44.78 (\OT1/cmss/m/sl/44.78 t\OT1/cmss/m/n/44.78 )\OT1
/cmss/m/sl/44.78 I\OT1/cmss/m/n/44.78 (\OT1/cmss/m/sl/44.78 t\OT1/cmss/m/n/44.78 )$  
 []

Missing character: There is no , in font nullfont!
Missing character: There is no , in font nullfont!
Missing character: There is no , in font nullfont!
Missing character: There is no , in font nullfont!
Missing character: There is no , in font nullfont!
Missing character: There is no , in font nullfont!

Overfull \hbox (48.38902pt too wide) in paragraph at lines 260--260
 [] 
 []

<figures/HillModelFlowChart.png, id=18, 1071.29646pt x 953.68059pt>
File: figures/HillModelFlowChart.png Graphic file (type png)
 <use figures/HillModelFlowChart.png>
Package pdftex.def Info: figures/HillModelFlowChart.png used on input line 260.
(pdftex.def)             Requested size: 535.64693pt x 476.83913pt.

<figures/incPlotSourced.pdf, id=19, 505.89pt x 505.89pt>
File: figures/incPlotSourced.pdf Graphic file (type pdf)
 <use figures/incPlotSourced.pdf>
Package pdftex.def Info: figures/incPlotSourced.pdf used on input line 260.
(pdftex.def)             Requested size: 460.56131pt x 284.53154pt.

<figures/incPlotTotal.pdf, id=20, 505.89pt x 505.89pt>
File: figures/incPlotTotal.pdf Graphic file (type pdf)
 <use figures/incPlotTotal.pdf>
Package pdftex.def Info: figures/incPlotTotal.pdf used on input line 260.
(pdftex.def)             Requested size: 460.56131pt x 284.53154pt.

<figures/incidencePlotRedEnLTBI.pdf, id=21, 505.89pt x 505.89pt>
File: figures/incidencePlotRedEnLTBI.pdf Graphic file (type pdf)
 <use figures/incidencePlotRedEnLTBI.pdf>
Package pdftex.def Info: figures/incidencePlotRedEnLTBI.pdf used on input line 260.
(pdftex.def)             Requested size: 460.56131pt x 284.53154pt.

<figures/incLTBItrmtIncGrouped.pdf, id=22, 505.89pt x 505.89pt>
File: figures/incLTBItrmtIncGrouped.pdf Graphic file (type pdf)
 <use figures/incLTBItrmtIncGrouped.pdf>
Package pdftex.def Info: figures/incLTBItrmtIncGrouped.pdf used on input line 260.
(pdftex.def)             Requested size: 460.56131pt x 284.53154pt.

<figures/EnLTBIRedGroupCost.pdf, id=23, 505.89pt x 505.89pt>
File: figures/EnLTBIRedGroupCost.pdf Graphic file (type pdf)
 <use figures/EnLTBIRedGroupCost.pdf>
Package pdftex.def Info: figures/EnLTBIRedGroupCost.pdf used on input line 260.
(pdftex.def)             Requested size: 675.4961pt x 369.891pt.

<figures/NLHMinc.pdf, id=24, 827.09pt x 827.09pt>
File: figures/NLHMinc.pdf Graphic file (type pdf)
 <use figures/NLHMinc.pdf>
Package pdftex.def Info: figures/NLHMinc.pdf used on input line 260.
(pdftex.def)             Requested size: 460.55206pt x 460.55482pt.
LaTeX Font Info:    Calculating math sizes for size <37.33> on input line 260.


LaTeX Font Warning: Font shape `OT1/cmss/m/it' in size <37.33> not available
(Font)              Font shape `OT1/cmss/m/sl' tried instead on input line 260.


LaTeX Font Warning: Font shape `OT1/cmss/m/it' in size <26.13087> not available
(Font)              Font shape `OT1/cmss/m/sl' tried instead on input line 260.


LaTeX Font Warning: Font shape `OT1/cmss/m/it' in size <18.665> not available
(Font)              Font shape `OT1/cmss/m/sl' tried instead on input line 260.

<figures/finalRunSmall.png, id=25, 2007.5pt x 2007.5pt>
File: figures/finalRunSmall.png Graphic file (type png)
 <use figures/finalRunSmall.png>
Package pdftex.def Info: figures/finalRunSmall.png used on input line 260.
(pdftex.def)             Requested size: 460.55206pt x 460.55128pt.

<figures/IN0dist.pdf, id=27, 505.89pt x 505.89pt>
File: figures/IN0dist.pdf Graphic file (type pdf)
 <use figures/IN0dist.pdf>
Package pdftex.def Info: figures/IN0dist.pdf used on input line 260.
(pdftex.def)             Requested size: 460.55206pt x 460.56131pt.

<figures/IN1dist.pdf, id=28, 505.89pt x 505.89pt>
File: figures/IN1dist.pdf Graphic file (type pdf)
 <use figures/IN1dist.pdf>
Package pdftex.def Info: figures/IN1dist.pdf used on input line 260.
(pdftex.def)             Requested size: 460.55206pt x 460.56131pt.
File: figures/mhc/logos/base.jpg Graphic file (type jpg)
 <use figures/mhc/logos/base.jpg>
Package pdftex.def Info: figures/mhc/logos/base.jpg used on input line 260.
(pdftex.def)             Requested size: 255.06741pt x 112.36671pt.
File: figures/nsf/logos/base.jpg Graphic file (type jpg)

<use figures/nsf/logos/base.jpg>
Package pdftex.def Info: figures/nsf/logos/base.jpg used on input line 260.
(pdftex.def)             Requested size: 112.36272pt x 112.36671pt.

Overfull \hbox (12.47713pt too wide) has occurred while \output is active
[][][] [][][][][][][][][] [][][][][][][][][] [][][][][][][][][] [][][][][][][] 
 []

[1{C:/Users/Ryo/AppData/Local/MiKTeX/2.9/pdftex/config/pdftex.map}

 <D:/Documents/GitHub/disease-modeling/in_progress/presentations/poster/figures/mhc/logos/base.jpg> <D:/Documents/GitHub
/disease-modeling/in_progress/presentations/poster/figures/nsf/logos/base.jpg> <D:/Documents/GitHub/disease-modeling/in_
progress/presentations/poster/figures/HillModelFlowChart.png> <D:/Documents/GitHub/disease-modeling/in_progress/presenta
tions/poster/figures/incPlotSourced.pdf> <D:/Documents/GitHub/disease-modeling/in_progress/presentations/poster/figures/
incPlotTotal.pdf> <D:/Documents/GitHub/disease-modeling/in_progress/presentations/poster/figures/incidencePlotRedEnLTBI.
pdf> <D:/Documents/GitHub/disease-modeling/in_progress/presentations/poster/figures/incLTBItrmtIncGrouped.pdf> <D:/Docum
ents/GitHub/disease-modeling/in_progress/presentations/poster/figures/EnLTBIRedGroupCost.pdf> <D:/Documents/GitHub/disea
se-modeling/in_progress/presentations/poster/figures/NLHMinc.pdf> <D:/Documents/GitHub/disease-modeling/in_progress/pres
entations/poster/figures/finalRunSmall.png> <D:/Documents/GitHub/disease-modeling/in_progress/presentations/poster/figur
es/IN0dist.pdf> <D:/Documents/GitHub/disease-modeling/in_progress/presentations/poster/figures/IN1dist.pdf>]
\tf@nav=\write6
\tf@toc=\write7
\tf@snm=\write8
Package atveryend Info: Empty hook `BeforeClearDocument' on input line 261.
Package atveryend Info: Empty hook `AfterLastShipout' on input line 261.

(D:\Documents\GitHub\disease-modeling\in_progress\presentations\poster\reuMHC2013.aux)
Package atveryend Info: Executing hook `AtVeryEndDocument' on input line 261.
Package atveryend Info: Executing hook `AtEndAfterFileList' on input line 261.
Package rerunfilecheck Info: File `reuMHC2013.out' has not changed.
(rerunfilecheck)             Checksum: D41D8CD98F00B204E9800998ECF8427E;0.
 ) 
Here is how much of TeX's memory you used:
 20629 strings out of 494045
 412533 string characters out of 3145975
 617435 words of memory out of 3000000
 23398 multiletter control sequences out of 15000+200000
 18773 words of font info for 73 fonts, out of 3000000 for 9000
 715 hyphenation exceptions out of 8191
 49i,20n,66p,472b,1805s stack positions out of 5000i,500n,10000p,200000b,50000s
<C:/Program Files (x86)/MiKTeX 2.9/fonts/type1/public/amsfonts/cm/cmmi12.pfb><C:/Program Files (x86)/MiKTeX 2.9/fonts/
type1/public/amsfonts/cm/cmss17.pfb><C:/Program Files (x86)/MiKTeX 2.9/fonts/type1/public/amsfonts/cm/cmssbx10.pfb><C:/P
rogram Files (x86)/MiKTeX 2.9/fonts/type1/public/amsfonts/cm/cmssi17.pfb><C:/Program Files (x86)/MiKTeX 2.9/fonts/type1/
public/amsfonts/cm/cmsy10.pfb><C:/Program Files (x86)/MiKTeX 2.9/fonts/type1/public/amsfonts/cm/cmtt12.pfb><C:/Program F
iles (x86)/MiKTeX 2.9/fonts/type1/public/amsfonts/symbols/msam10.pfb>
Output written on reuMHC2013.pdf (1 page, 1903685 bytes).
PDF statistics:
 152 PDF objects out of 1000 (max. 8388607)
 15 named destinations out of 1000 (max. 500000)
 103 words of extra memory for PDF output out of 10000 (max. 10000000)

