This is pdfeTeX, Version 3.141592-1.21a-2.2 (Web2C 7.5.4) (format=pdflatex 2010.5.17)  14 OCT 2013 01:15
entering extended mode
**draft.tex
(./draft.tex
LaTeX2e <2003/12/01>
Babel <v3.8d> and hyphenation patterns for american, french, german, ngerman, b
ahasa, basque, bulgarian, catalan, croatian, czech, danish, dutch, esperanto, e
stonian, finnish, greek, icelandic, irish, italian, latin, magyar, norsk, polis
h, portuges, romanian, russian, serbian, slovak, slovene, spanish, swedish, tur
kish, ukrainian, nohyphenation, loaded.
(/usr/share/texmf/tex/latex/amscls/amsart.cls
Document Class: amsart 2004/08/06 v2.20
\linespacing=\dimen102
\normalparindent=\dimen103
\normaltopskip=\skip41
(/usr/share/texmf/tex/latex/amsmath/amsmath.sty
Package: amsmath 2000/07/18 v2.13 AMS math features
\@mathmargin=\skip42

For additional information on amsmath, use the `?' option.
(/usr/share/texmf/tex/latex/amsmath/amstext.sty
Package: amstext 2000/06/29 v2.01

(/usr/share/texmf/tex/latex/amsmath/amsgen.sty
File: amsgen.sty 1999/11/30 v2.0
\@emptytoks=\toks14
\ex@=\dimen104
))
(/usr/share/texmf/tex/latex/amsmath/amsbsy.sty
Package: amsbsy 1999/11/29 v1.2d
\pmbraise@=\dimen105
)
(/usr/share/texmf/tex/latex/amsmath/amsopn.sty
Package: amsopn 1999/12/14 v2.01 operator names
)
\inf@bad=\count79
LaTeX Info: Redefining \frac on input line 211.
\uproot@=\count80
\leftroot@=\count81
LaTeX Info: Redefining \overline on input line 307.
\classnum@=\count82
\DOTSCASE@=\count83
LaTeX Info: Redefining \ldots on input line 379.
LaTeX Info: Redefining \dots on input line 382.
LaTeX Info: Redefining \cdots on input line 467.
\Mathstrutbox@=\box26
\strutbox@=\box27
\big@size=\dimen106
LaTeX Font Info:    Redeclaring font encoding OML on input line 567.
LaTeX Font Info:    Redeclaring font encoding OMS on input line 568.
\macc@depth=\count84
\c@MaxMatrixCols=\count85
\dotsspace@=\muskip10
\c@parentequation=\count86
\dspbrk@lvl=\count87
\tag@help=\toks15
\row@=\count88
\column@=\count89
\maxfields@=\count90
\andhelp@=\toks16
\eqnshift@=\dimen107
\alignsep@=\dimen108
\tagshift@=\dimen109
\tagwidth@=\dimen110
\totwidth@=\dimen111
\lineht@=\dimen112
\@envbody=\toks17
\multlinegap=\skip43
\multlinetaggap=\skip44
\mathdisplay@stack=\toks18
LaTeX Info: Redefining \[ on input line 2666.
LaTeX Info: Redefining \] on input line 2667.
)
LaTeX Font Info:    Try loading font information for U+msa on input line 407.

(/usr/share/texmf/tex/latex/amsfonts/umsa.fd
File: umsa.fd 2002/01/19 v2.2g AMS font definitions
)
(/usr/share/texmf/tex/latex/amsfonts/amsfonts.sty
Package: amsfonts 2001/10/25 v2.2f
\symAMSa=\mathgroup4
\symAMSb=\mathgroup5
LaTeX Font Info:    Overwriting math alphabet `\mathfrak' in version `bold'
(Font)                  U/euf/m/n --> U/euf/b/n on input line 132.
)
\copyins=\insert233
\abstractbox=\box28
\listisep=\skip45
\c@part=\count91
\c@section=\count92
\c@subsection=\count93
\c@subsubsection=\count94
\c@paragraph=\count95
\c@subparagraph=\count96
\c@figure=\count97
\c@table=\count98
\abovecaptionskip=\skip46
\belowcaptionskip=\skip47
\captionindent=\dimen113
\thm@style=\toks19
\thm@bodyfont=\toks20
\thm@headfont=\toks21
\thm@notefont=\toks22
\thm@headpunct=\toks23
\thm@preskip=\skip48
\thm@postskip=\skip49
\thm@headsep=\skip50
\dth@everypar=\toks24
)
(/usr/share/texmf/tex/latex/graphics/graphicx.sty
Package: graphicx 1999/02/16 v1.0f Enhanced LaTeX Graphics (DPC,SPQR)

(/usr/share/texmf/tex/latex/graphics/keyval.sty
Package: keyval 1999/03/16 v1.13 key=value parser (DPC)
\KV@toks@=\toks25
)
(/usr/share/texmf/tex/latex/graphics/graphics.sty
Package: graphics 2001/07/07 v1.0n Standard LaTeX Graphics (DPC,SPQR)

(/usr/share/texmf/tex/latex/graphics/trig.sty
Package: trig 1999/03/16 v1.09 sin cos tan (DPC)
)
(/usr/share/texmf/tex/latex/graphics/graphics.cfg
File: graphics.cfg 2005/02/03 v1.3 graphics configuration of teTeX/TeXLive
)
Package graphics Info: Driver file: pdftex.def on input line 80.

(/usr/share/texmf/tex/latex/graphics/pdftex.def
File: pdftex.def 2002/06/19 v0.03k graphics/color for pdftex
\Gread@gobject=\count99
))
\Gin@req@height=\dimen114
\Gin@req@width=\dimen115
)
(/usr/share/texmf/tex/latex/tools/enumerate.sty
Package: enumerate 1999/03/05 v3.00 enumerate extensions (DPC)
\@enLab=\toks26
)
(/usr/share/texmf/tex/latex/placeins/placeins.sty
Package: placeins 2002/06/27  v 2.0
) (./draft.aux)
\openout1 = `draft.aux'.

LaTeX Font Info:    Checking defaults for OML/cmm/m/it on input line 7.
LaTeX Font Info:    ... okay on input line 7.
LaTeX Font Info:    Checking defaults for T1/cmr/m/n on input line 7.
LaTeX Font Info:    ... okay on input line 7.
LaTeX Font Info:    Checking defaults for OT1/cmr/m/n on input line 7.
LaTeX Font Info:    ... okay on input line 7.
LaTeX Font Info:    Checking defaults for OMS/cmsy/m/n on input line 7.
LaTeX Font Info:    ... okay on input line 7.
LaTeX Font Info:    Checking defaults for OMX/cmex/m/n on input line 7.
LaTeX Font Info:    ... okay on input line 7.
LaTeX Font Info:    Checking defaults for U/cmr/m/n on input line 7.
LaTeX Font Info:    ... okay on input line 7.
LaTeX Font Info:    Try loading font information for U+msa on input line 7.

(/usr/share/texmf/tex/latex/amsfonts/umsa.fd
File: umsa.fd 2002/01/19 v2.2g AMS font definitions
)
LaTeX Font Info:    Try loading font information for U+msb on input line 7.

(/usr/share/texmf/tex/latex/amsfonts/umsb.fd
File: umsb.fd 2002/01/19 v2.2g AMS font definitions
)
(/usr/share/texmf/tex/context/base/supp-pdf.tex
(/usr/share/texmf/tex/context/base/supp-mis.tex
loading : Context Support Macros / Miscellaneous (2004.10.26)
\protectiondepth=\count100
\scratchcounter=\count101
\scratchtoks=\toks27
\scratchdimen=\dimen116
\scratchskip=\skip51
\scratchmuskip=\muskip11
\scratchbox=\box29
\scratchread=\read1
\scratchwrite=\write3
\zeropoint=\dimen117
\onepoint=\dimen118
\onebasepoint=\dimen119
\minusone=\count102
\thousandpoint=\dimen120
\onerealpoint=\dimen121
\emptytoks=\toks28
\nextbox=\box30
\nextdepth=\dimen122
\everyline=\toks29
\!!counta=\count103
\!!countb=\count104
\recursecounter=\count105
)
loading : Context Support Macros / PDF (2004.03.26)
\nofMPsegments=\count106
\nofMParguments=\count107
\MPscratchCnt=\count108
\MPscratchDim=\dimen123
\MPnumerator=\count109
\everyMPtoPDFconversion=\toks30
)
Underfull \hbox (badness 10000) in paragraph at lines 44--49

 []

<figures/HillModelFlowChart.png, id=1, 1071.29646pt x 953.68059pt>
File: figures/HillModelFlowChart.png Graphic file (type png)

<use figures/HillModelFlowChart.png>
Underfull \hbox (badness 10000) in paragraph at lines 54--66

 []

[1{/usr/share/texmf-var/fonts/map/pdftex/updmap/pdftex.map}]
Underfull \hbox (badness 10000) in paragraph at lines 67--74

 []

[2 <./figures/HillModelFlowChart.png>]
Warning: pdflatex (file figures/BasicHillEquations.pdf): pdf inclusion: found p
df version <1.6>, but at most version <1.4> allowed
<figures/BasicHillEquations.pdf, id=24, 457.26834pt x 212.21283pt>
File: figures/BasicHillEquations.pdf Graphic file (type pdf)

<use figures/BasicHillEquations.pdf> [3 <./figures/BasicHillEquations.pdf>]
[4] <figures/incPlotSourced.pdf, id=39, 722.7pt x 578.16pt>
File: figures/incPlotSourced.pdf Graphic file (type pdf)

<use figures/incPlotSourced.pdf>
Overfull \hbox (1.3491pt too wide) in paragraph at lines 198--199
 [] 
 []

<figures/costPlotSourced.pdf, id=40, 1084.05pt x 867.24pt>
File: figures/costPlotSourced.pdf Graphic file (type pdf)

<use figures/costPlotSourced.pdf>
Overfull \hbox (19.42319pt too wide) in paragraph at lines 211--212
 [] 
 []

[5 <./figures/incPlotSourced.pdf>] [6 <./figures/costPlotSourced.pdf>] [7]
Underfull \hbox (badness 10000) in paragraph at lines 301--314

 []


LaTeX Warning: `h' float specifier changed to `ht'.


Overfull \hbox (22.5055pt too wide) in paragraph at lines 476--476
[]\OT1/cmtt/m/n/6 c01          <- (1-e0)*((1-e1)*N1)/((1-e0)*N0 + (1-e1)*N1)   
    #proportion of contacts made with FB individuals  (USB)[] 
 []


Overfull \hbox (22.5055pt too wide) in paragraph at lines 476--476
[]\OT1/cmtt/m/n/6 c00          <- 1 - c01                                      
    #proportion of contacts made with USB individuals (USB)[] 
 []


Overfull \hbox (19.31795pt too wide) in paragraph at lines 476--476
[]\OT1/cmtt/m/n/6 c10          <- (1-e1)*((1-e0)*N0)/((1-e0)*N0 + (1-e1)*N1)   
    #proportion of contacts made with USB individuals (FB)[] 
 []


Overfull \hbox (19.31795pt too wide) in paragraph at lines 476--476
[]\OT1/cmtt/m/n/6 c11          <- 1 - c10                                      
    #proportion of contacts made with FB individuals  (FB)[] 
 []


Overfull \hbox (9.75531pt too wide) in paragraph at lines 476--476
[]\OT1/cmtt/m/n/6 dprogAcute0  <- vF*F0                                        
    #Acute LTBI progressions to Active TB disease (USB)[] 
 []


Overfull \hbox (6.56776pt too wide) in paragraph at lines 476--476
[]\OT1/cmtt/m/n/6 dprogAcute1  <- vF*F1                                        
    #Acute LTBI progressions to Active TB disease (FB)[] 
 []


Overfull \hbox (16.1304pt too wide) in paragraph at lines 476--476
[]\OT1/cmtt/m/n/6 dprogChron0  <- vL0*L0                                       
    #Chronic LTBI progressions to Active TB disease (USB)[] 
 []


Overfull \hbox (12.94286pt too wide) in paragraph at lines 476--476
[]\OT1/cmtt/m/n/6 dprogChron1  <- vL1*L1                                       
    #Chronic LTBI progressions to Active TB disease (FB)[] 
 []


Overfull \hbox (38.44322pt too wide) in paragraph at lines 476--476
[]\OT1/cmtt/m/n/6 dexogenous0  <- x*p*lambda0*L0                               
    #Exogenous re-infections of Chronic LTBI to Acute LTBI (USB)[] 
 []


Overfull \hbox (35.25568pt too wide) in paragraph at lines 476--476
[]\OT1/cmtt/m/n/6 dexogenous1  <- x*p*lambda1*L1                               
    #Exogenous re-infections of Chronic LTBI to Acute LTBI (FB)[] 
 []


Overfull \hbox (51.1934pt too wide) in paragraph at lines 476--476
[]\OT1/cmtt/m/n/6 dInterventionCost <- discV * (iCnewCases*1e6*(dprogTotal0+dpr
ogTotal1) + iCtotPop*1e6*(N0+N1) + iCLTBIEn*1e6*dLTBIEn*(1-incLTBI))[] 
 []


LaTeX Warning: `h' float specifier changed to `ht'.

[8] [9] [10]
Underfull \hbox (badness 10000) in paragraph at lines 534--535

 []

[11

]
Underfull \hbox (badness 10000) in paragraph at lines 596--597

 []


LaTeX Warning: `h' float specifier changed to `ht'.


Underfull \hbox (badness 10000) in paragraph at lines 630--631

 []

[12]

LaTeX Warning: `h' float specifier changed to `ht'.


Underfull \hbox (badness 10000) in paragraph at lines 663--664

 []


Underfull \hbox (badness 10000) in paragraph at lines 665--666

 []

[13]
Underfull \hbox (badness 10000) in paragraph at lines 667--668

 []


Underfull \vbox (badness 5862) has occurred while \output is active []

 [14]
[15] (./draft.aux) ) 
Here is how much of TeX's memory you used:
 2100 strings out of 94500
 24381 string characters out of 1176766
 95159 words of memory out of 1000000
 5106 multiletter control sequences out of 10000+50000
 10075 words of font info for 41 fonts, out of 500000 for 2000
 741 hyphenation exceptions out of 1000
 34i,9n,31p,1245b,258s stack positions out of 1500i,500n,5000p,200000b,5000s
PDF statistics:
 93 PDF objects out of 300000
 0 named destinations out of 131072
 21 words of extra memory for PDF output out of 65536
</usr/share/texmf/fonts/type1/bluesky/cm/cmtt8.pfb></usr/sh
are/texmf/fonts/type1/bluesky/cm/cmti10.pfb></usr/share/texmf/fonts/type1/blues
ky/cm/cmmi7.pfb></usr/share/texmf/fonts/type1/bluesky/cm/cmmi10.pfb></usr/share
/texmf/fonts/type1/bluesky/cm/cmtt10.pfb></usr/share/texmf/fonts/type1/bluesky/
cm/cmr7.pfb></usr/share/texmf/fonts/type1/bluesky/cm/cmcsc10.pfb></usr/share/te
xmf/fonts/type1/bluesky/cm/cmr10.pfb></usr/share/texmf/fonts/type1/bluesky/cm/c
mbx10.pfb>
Output written on draft.pdf (15 pages, 228738 bytes).
